#
# A fatal error has been detected by the Java Runtime Environment:
#
#  EXCEPTION_ACCESS_VIOLATION (0xc0000005) at pc=0x000000006da148ed, pid=19468, tid=19884
#
# JRE version: 6.0_45-b06
# Java VM: Java HotSpot(TM) 64-Bit Server VM (20.45-b01 mixed mode windows-amd64 compressed oops)
# Problematic frame:
# V  [jvm.dll+0x1348ed]
#
# If you would like to submit a bug report, please visit:
#   http://java.sun.com/webapps/bugreport/crash.jsp
#

---------------  T H R E A D  ---------------

Current thread (0x000000000a89b000):  JavaThread "http-8080-3" daemon [_thread_in_vm, id=19884, stack(0x0000000010750000,0x0000000010850000)]

siginfo: ExceptionCode=0xc0000005, reading address 0x0000000000000000

Registers:
RAX=0x0000000008c31500, RBX=0x0000000000000000, RCX=0x0000000000000000, RDX=0x000000006d392860
RSP=0x000000001084c670, RBP=0x0000000009ba0740, RSI=0x0000000008c314f0, RDI=0x0000000008c314f8
R8 =0x0000000000000006, R9 =0x000000073bc04208, R10=0x000000006dfe92d0, R11=0x000000001084c6f8
R12=0x000000000a89b000, R13=0x000000073bc04208, R14=0x000000006d392860, R15=0x0000000000000000
RIP=0x000000006da148ed, EFLAGS=0x0000000000010206

Top of Stack: (sp=0x000000001084c670)
0x000000001084c670:   0000000000000000 0000000740dfec50
0x000000001084c680:   0000000008c314f0 000000006d392867
0x000000001084c690:   0000000008c314e8 000000000a89b000
0x000000001084c6a0:   000000006c5e0272 0000000000000000
0x000000001084c6b0:   0000000000000000 000000000a89b000
0x000000001084c6c0:   000000001084c840 000000006d391e68
0x000000001084c6d0:   0000000000000000 000000000a89b1d0
0x000000001084c6e0:   000000006d3927c0 000000006d392860
0x000000001084c6f0:   000000000a89b000 000000006da14b4f
0x000000001084c700:   0000000000000000 000000000a89b000
0x000000001084c710:   00000000851897aa 000000000a89b1d0
0x000000001084c720:   0000000000000000 000000000a89b000
0x000000001084c730:   000000000a89b000 0000000008c314e8
0x000000001084c740:   00000000000000e2 000000006deaf2f0
0x000000001084c750:   0000000000000000 000000006d369a2e
0x000000001084c760:   000000006d392860 000000001084c820 

Instructions: (pc=0x000000006da148ed)
0x000000006da148cd:   f7 ff 48 8b f8 eb 04 48 89 45 10 4c 89 2f 48 85
0x000000006da148dd:   ff 0f 84 27 01 00 00 48 85 f6 0f 84 1e 01 00 00
0x000000006da148ed:   49 8b 0f e8 bb a7 f0 ff 84 c0 74 0b 41 b8 10 05
0x000000006da148fd:   00 00 e9 0d 01 00 00 49 8b 0f e8 24 a7 f0 ff 48 


Register to memory mapping:

RAX=0x0000000008c31500 is an unknown value
RBX=0x0000000000000000 is an unknown value
RCX=0x0000000000000000 is an unknown value
RDX=0x000000006d392860 is an unknown value
RSP=0x000000001084c670 is pointing into the stack for thread: 0x000000000a89b000
RBP=0x0000000009ba0740 is an unknown value
RSI=0x0000000008c314f0 is an unknown value
RDI=0x0000000008c314f8 is an unknown value
R8 =0x0000000000000006 is an unknown value
R9 =0x000000073bc04208 is an oop
{symbol} 
 - klass: {other class}
R10=0x000000006dfe92d0 is an unknown value
R11=0x000000001084c6f8 is pointing into the stack for thread: 0x000000000a89b000
R12=0x000000000a89b000 is a thread
R13=0x000000073bc04208 is an oop
{symbol} 
 - klass: {other class}
R14=0x000000006d392860 is an unknown value
R15=0x0000000000000000 is an unknown value


Stack: [0x0000000010750000,0x0000000010850000],  sp=0x000000001084c670,  free space=1009k
Native frames: (J=compiled Java code, j=interpreted, Vv=VM code, C=native code)
V  [jvm.dll+0x1348ed]

Java frames: (J=compiled Java code, j=interpreted, Vv=VM code)
j  sun.font.FontManager.initIDs(Z)V+0
j  sun.font.FontManager.access$000(Z)V+1
j  sun.font.FontManager$1.run()Ljava/lang/Object;+22
v  ~StubRoutines::call_stub
J  java.security.AccessController.doPrivileged(Ljava/security/PrivilegedAction;)Ljava/lang/Object;
j  sun.font.FontManager.<clinit>()V+564
v  ~StubRoutines::call_stub
j  sun.java2d.SunGraphicsEnvironment.addDirFonts(Ljava/lang/String;Ljava/io/File;Ljava/io/FilenameFilter;IZIZZ)V+401
j  sun.java2d.SunGraphicsEnvironment.registerFontsInDir(Ljava/lang/String;ZIZZ)V+34
j  sun.java2d.SunGraphicsEnvironment.access$200(Lsun/java2d/SunGraphicsEnvironment;Ljava/lang/String;ZIZZ)V+8
j  sun.java2d.SunGraphicsEnvironment$2.run()Ljava/lang/Object;+481
v  ~StubRoutines::call_stub
J  java.security.AccessController.doPrivileged(Ljava/security/PrivilegedAction;)Ljava/lang/Object;
j  sun.java2d.SunGraphicsEnvironment.<init>()V+44
j  sun.awt.Win32GraphicsEnvironment.<init>()V+1
v  ~StubRoutines::call_stub
j  sun.reflect.NativeConstructorAccessorImpl.newInstance0(Ljava/lang/reflect/Constructor;[Ljava/lang/Object;)Ljava/lang/Object;+0
j  sun.reflect.NativeConstructorAccessorImpl.newInstance([Ljava/lang/Object;)Ljava/lang/Object;+72
J  java.lang.reflect.Constructor.newInstance([Ljava/lang/Object;)Ljava/lang/Object;
j  java.lang.Class.newInstance0()Ljava/lang/Object;+118
j  java.lang.Class.newInstance()Ljava/lang/Object;+16
j  java.awt.GraphicsEnvironment.getLocalGraphicsEnvironment()Ljava/awt/GraphicsEnvironment;+27
j  java.awt.image.BufferedImage.createGraphics()Ljava/awt/Graphics2D;+0
j  java.awt.image.BufferedImage.getGraphics()Ljava/awt/Graphics;+1
j  org.jeecgframework.web.system.servlet.RandCodeImageServlet.doGet(Ljavax/servlet/http/HttpServletRequest;Ljavax/servlet/http/HttpServletResponse;)V+43
j  javax.servlet.http.HttpServlet.service(Ljavax/servlet/http/HttpServletRequest;Ljavax/servlet/http/HttpServletResponse;)V+35
j  javax.servlet.http.HttpServlet.service(Ljavax/servlet/ServletRequest;Ljavax/servlet/ServletResponse;)V+30
j  org.apache.catalina.core.ApplicationFilterChain.internalDoFilter(Ljavax/servlet/ServletRequest;Ljavax/servlet/ServletResponse;)V+376
j  org.apache.catalina.core.ApplicationFilterChain.doFilter(Ljavax/servlet/ServletRequest;Ljavax/servlet/ServletResponse;)V+101
j  org.jeecgframework.core.aop.GZipFilter.doFilter(Ljavax/servlet/ServletRequest;Ljavax/servlet/ServletResponse;Ljavax/servlet/FilterChain;)V+459
j  org.apache.catalina.core.ApplicationFilterChain.internalDoFilter(Ljavax/servlet/ServletRequest;Ljavax/servlet/ServletResponse;)V+119
j  org.apache.catalina.core.ApplicationFilterChain.doFilter(Ljavax/servlet/ServletRequest;Ljavax/servlet/ServletResponse;)V+101
j  com.alibaba.druid.support.http.WebStatFilter.doFilter(Ljavax/servlet/ServletRequest;Ljavax/servlet/ServletResponse;Ljavax/servlet/FilterChain;)V+190
j  org.apache.catalina.core.ApplicationFilterChain.internalDoFilter(Ljavax/servlet/ServletRequest;Ljavax/servlet/ServletResponse;)V+119
j  org.apache.catalina.core.ApplicationFilterChain.doFilter(Ljavax/servlet/ServletRequest;Ljavax/servlet/ServletResponse;)V+101
j  org.springframework.web.filter.CharacterEncodingFilter.doFilterInternal(Ljavax/servlet/http/HttpServletRequest;Ljavax/servlet/http/HttpServletResponse;Ljavax/servlet/FilterChain;)V+53
j  org.springframework.web.filter.OncePerRequestFilter.doFilter(Ljavax/servlet/ServletRequest;Ljavax/servlet/ServletResponse;Ljavax/servlet/FilterChain;)V+111
j  org.apache.catalina.core.ApplicationFilterChain.internalDoFilter(Ljavax/servlet/ServletRequest;Ljavax/servlet/ServletResponse;)V+119
j  org.apache.catalina.core.ApplicationFilterChain.doFilter(Ljavax/servlet/ServletRequest;Ljavax/servlet/ServletResponse;)V+101
j  org.apache.catalina.core.StandardWrapperValve.invoke(Lorg/apache/catalina/connector/Request;Lorg/apache/catalina/connector/Response;)V+804
j  org.apache.catalina.core.StandardContextValve.invoke(Lorg/apache/catalina/connector/Request;Lorg/apache/catalina/connector/Response;)V+365
j  org.apache.catalina.core.StandardHostValve.invoke(Lorg/apache/catalina/connector/Request;Lorg/apache/catalina/connector/Response;)V+64
j  org.apache.catalina.valves.ErrorReportValve.invoke(Lorg/apache/catalina/connector/Request;Lorg/apache/catalina/connector/Response;)V+6
j  org.apache.catalina.core.StandardEngineValve.invoke(Lorg/apache/catalina/connector/Request;Lorg/apache/catalina/connector/Response;)V+42
j  org.apache.catalina.connector.CoyoteAdapter.service(Lorg/apache/coyote/Request;Lorg/apache/coyote/Response;)V+158
j  org.apache.coyote.http11.Http11Processor.process(Ljava/net/Socket;)V+468
j  org.apache.coyote.http11.Http11Protocol$Http11ConnectionHandler.process(Ljava/net/Socket;)Z+82
j  org.apache.tomcat.util.net.JIoEndpoint$Worker.run()V+41
j  java.lang.Thread.run()V+11
v  ~StubRoutines::call_stub

---------------  P R O C E S S  ---------------

Java Threads: ( => current thread )
  0x000000000a89c800 JavaThread "http-8080-6" daemon [_thread_in_native, id=5720, stack(0x0000000010a50000,0x0000000010b50000)]
  0x0000000008c0a800 JavaThread "http-8080-5" daemon [_thread_in_native, id=7924, stack(0x0000000010950000,0x0000000010a50000)]
  0x000000000a89b800 JavaThread "http-8080-4" daemon [_thread_in_native, id=20148, stack(0x0000000010850000,0x0000000010950000)]
=>0x000000000a89b000 JavaThread "http-8080-3" daemon [_thread_in_vm, id=19884, stack(0x0000000010750000,0x0000000010850000)]
  0x000000000a89a000 JavaThread "http-8080-2" daemon [_thread_in_native, id=20136, stack(0x0000000010650000,0x0000000010750000)]
  0x000000000a899800 JavaThread "http-8080-1" daemon [_thread_in_native, id=8692, stack(0x0000000010550000,0x0000000010650000)]
  0x000000000a898800 JavaThread "http-8080-Acceptor-0" daemon [_thread_in_native, id=3968, stack(0x0000000010250000,0x0000000010350000)]
  0x0000000008c14000 JavaThread "ContainerBackgroundProcessor[StandardEngine[localEngine]]" daemon [_thread_blocked, id=5488, stack(0x0000000010150000,0x0000000010250000)]
  0x0000000008c13800 JavaThread "scheduler-1" [_thread_blocked, id=21140, stack(0x0000000010050000,0x0000000010150000)]
  0x0000000008c12800 JavaThread "schedulerFactory_QuartzSchedulerThread" [_thread_blocked, id=20504, stack(0x000000000ff50000,0x0000000010050000)]
  0x0000000008c12000 JavaThread "schedulerFactory_Worker-10" [_thread_blocked, id=20620, stack(0x000000000fe50000,0x000000000ff50000)]
  0x0000000008c11000 JavaThread "schedulerFactory_Worker-9" [_thread_blocked, id=23260, stack(0x000000000fd50000,0x000000000fe50000)]
  0x0000000008c10800 JavaThread "schedulerFactory_Worker-8" [_thread_blocked, id=18868, stack(0x000000000fc50000,0x000000000fd50000)]
  0x0000000008c0f800 JavaThread "schedulerFactory_Worker-7" [_thread_blocked, id=1404, stack(0x000000000fb50000,0x000000000fc50000)]
  0x0000000008c0f000 JavaThread "schedulerFactory_Worker-6" [_thread_blocked, id=10536, stack(0x000000000fa50000,0x000000000fb50000)]
  0x0000000008c0e800 JavaThread "schedulerFactory_Worker-5" [_thread_blocked, id=21324, stack(0x000000000f950000,0x000000000fa50000)]
  0x0000000008c0d800 JavaThread "schedulerFactory_Worker-4" [_thread_blocked, id=6332, stack(0x000000000f850000,0x000000000f950000)]
  0x0000000008c0d000 JavaThread "schedulerFactory_Worker-3" [_thread_blocked, id=8992, stack(0x000000000f750000,0x000000000f850000)]
  0x0000000008c0c000 JavaThread "schedulerFactory_Worker-2" [_thread_blocked, id=16120, stack(0x000000000e5c0000,0x000000000e6c0000)]
  0x0000000008c0b800 JavaThread "schedulerFactory_Worker-1" [_thread_blocked, id=20324, stack(0x000000000e4c0000,0x000000000e5c0000)]
  0x0000000008c0a000 JavaThread "dictCache.data" daemon [_thread_blocked, id=16600, stack(0x000000000e3c0000,0x000000000e4c0000)]
  0x0000000008c09000 JavaThread "RMI TCP Connection(idle)" daemon [_thread_blocked, id=19660, stack(0x000000000e2c0000,0x000000000e3c0000)]
  0x0000000008c08800 JavaThread "RMI RenewClean-[192.168.100.18:21537,net.sf.ehcache.distribution.ConfigurableRMIClientSocketFactory@7d0]" daemon [_thread_blocked, id=21836, stack(0x000000000e1c0000,0x000000000e2c0000)]
  0x0000000008c08000 JavaThread "RMI Scheduler(0)" daemon [_thread_blocked, id=7912, stack(0x000000000e0c0000,0x000000000e1c0000)]
  0x0000000008c07000 JavaThread "RMI TCP Connection(idle)" daemon [_thread_blocked, id=19612, stack(0x000000000dfc0000,0x000000000e0c0000)]
  0x0000000008c06800 JavaThread "GC Daemon" daemon [_thread_blocked, id=21408, stack(0x000000000dec0000,0x000000000dfc0000)]
  0x0000000008c05800 JavaThread "RMI Reaper" [_thread_blocked, id=15040, stack(0x000000000ddc0000,0x000000000dec0000)]
  0x0000000008c05000 JavaThread "RMI TCP Accept-0" daemon [_thread_in_native, id=22304, stack(0x000000000dcc0000,0x000000000ddc0000)]
  0x0000000008eb5800 JavaThread "eternalCache.data" daemon [_thread_blocked, id=18240, stack(0x000000000dbc0000,0x000000000dcc0000)]
  0x0000000009a2c000 JavaThread "Replication Thread" daemon [_thread_blocked, id=17980, stack(0x000000000dac0000,0x000000000dbc0000)]
  0x0000000009a2b800 JavaThread "Replication Thread" daemon [_thread_blocked, id=10932, stack(0x000000000d9c0000,0x000000000dac0000)]
  0x000000000b9d5000 JavaThread "net.sf.ehcache.CacheManager@5a3f4547" daemon [_thread_blocked, id=17924, stack(0x000000000d790000,0x000000000d890000)]
  0x000000000b9d4000 JavaThread "RMI TCP Accept-40001" daemon [_thread_in_native, id=16556, stack(0x000000000d550000,0x000000000d650000)]
  0x0000000009346000 JavaThread "Multicast Heartbeat Sender Thread" daemon [_thread_blocked, id=1476, stack(0x000000000d320000,0x000000000d420000)]
  0x000000000a82b000 JavaThread "Multicast Heartbeat Receiver Thread" daemon [_thread_in_native, id=9248, stack(0x000000000c160000,0x000000000c260000)]
  0x000000000925b800 JavaThread "Druid-ConnectionPool-Destory" daemon [_thread_blocked, id=20164, stack(0x000000000c060000,0x000000000c160000)]
  0x0000000009dc5800 JavaThread "Druid-ConnectionPool-Create" daemon [_thread_blocked, id=23012, stack(0x000000000bf60000,0x000000000c060000)]
  0x000000000986c000 JavaThread "Abandoned connection cleanup thread" daemon [_thread_blocked, id=22000, stack(0x000000000ade0000,0x000000000aee0000)]
  0x0000000006bb6800 JavaThread "Monitor Ctrl-Break" daemon [_thread_in_native, id=19524, stack(0x0000000008000000,0x0000000008100000)]
  0x0000000006b46800 JavaThread "Low Memory Detector" daemon [_thread_blocked, id=19868, stack(0x0000000007c20000,0x0000000007d20000)]
  0x0000000006b3f000 JavaThread "C2 CompilerThread1" daemon [_thread_blocked, id=17952, stack(0x0000000007b20000,0x0000000007c20000)]
  0x0000000006af3000 JavaThread "C2 CompilerThread0" daemon [_thread_blocked, id=22540, stack(0x0000000007a20000,0x0000000007b20000)]
  0x0000000006af2800 JavaThread "Attach Listener" daemon [_thread_blocked, id=6748, stack(0x0000000007920000,0x0000000007a20000)]
  0x0000000006af1800 JavaThread "Signal Dispatcher" daemon [_thread_blocked, id=12232, stack(0x0000000007820000,0x0000000007920000)]
  0x0000000006ad9000 JavaThread "Finalizer" daemon [_thread_blocked, id=9996, stack(0x0000000007720000,0x0000000007820000)]
  0x0000000006ad8000 JavaThread "Reference Handler" daemon [_thread_blocked, id=5804, stack(0x0000000007620000,0x0000000007720000)]
  0x00000000001fd000 JavaThread "main" [_thread_blocked, id=21292, stack(0x0000000001020000,0x0000000001120000)]

Other Threads:
  0x0000000006acc800 VMThread [stack: 0x0000000007520000,0x0000000007620000] [id=21108]
  0x0000000006b60800 WatcherThread [stack: 0x0000000007d20000,0x0000000007e20000] [id=16144]

VM state:not at safepoint (normal execution)

VM Mutex/Monitor currently owned by a thread: None

Heap
 PSYoungGen      total 336320K, used 0K [0x00000007c04b0000, 0x00000007ecaa0000, 0x0000000800000000)
  eden space 336256K, 0% used [0x00000007c04b0000,0x00000007c04b0000,0x00000007d4d10000)
  from space 64K, 0% used [0x00000007eca90000,0x00000007eca90000,0x00000007ecaa0000)
  to   space 17536K, 0% used [0x00000007ea860000,0x00000007ea860000,0x00000007eb980000)
 PSOldGen        total 668224K, used 38988K [0x0000000740e00000, 0x0000000769a90000, 0x00000007c04b0000)
  object space 668224K, 5% used [0x0000000740e00000,0x0000000743413318,0x0000000769a90000)
 PSPermGen       total 83968K, used 83967K [0x000000073bc00000, 0x0000000740e00000, 0x0000000740e00000)
  object space 83968K, 99% used [0x000000073bc00000,0x0000000740dfffd0,0x0000000740e00000)

Code Cache  [0x0000000003400000, 0x0000000003a90000, 0x0000000006400000)
 total_blobs=2071 nmethods=1524 adapters=499 free_code_cache=44200640 largest_free_block=109824

Dynamic libraries:
0x0000000000400000 - 0x000000000042f000 	C:\Program Files\Java\jdk1.6.0_45\bin\java.exe
0x00000000778b0000 - 0x0000000077a59000 	C:\Windows\SYSTEM32\ntdll.dll
0x0000000077630000 - 0x000000007774f000 	C:\Windows\system32\kernel32.dll
0x000007fefe030000 - 0x000007fefe09b000 	C:\Windows\system32\KERNELBASE.dll
0x000007feffab0000 - 0x000007feffb8b000 	C:\Windows\system32\ADVAPI32.dll
0x000007feff930000 - 0x000007feff9cf000 	C:\Windows\system32\msvcrt.dll
0x000007fefe100000 - 0x000007fefe11f000 	C:\Windows\SYSTEM32\sechost.dll
0x000007feff670000 - 0x000007feff79d000 	C:\Windows\system32\RPCRT4.dll
0x000000006d8e0000 - 0x000000006e09c000 	C:\Program Files\Java\jdk1.6.0_45\jre\bin\server\jvm.dll
0x0000000077530000 - 0x000000007762a000 	C:\Windows\system32\USER32.dll
0x000007feff7a0000 - 0x000007feff807000 	C:\Windows\system32\GDI32.dll
0x000007feff460000 - 0x000007feff46e000 	C:\Windows\system32\LPK.dll
0x000007feff4d0000 - 0x000007feff599000 	C:\Windows\system32\USP10.dll
0x000007fefbae0000 - 0x000007fefbb1b000 	C:\Windows\system32\WINMM.dll
0x000007feffb90000 - 0x000007feffbbe000 	C:\Windows\system32\IMM32.DLL
0x000007feff810000 - 0x000007feff919000 	C:\Windows\system32\MSCTF.dll
0x000000006d850000 - 0x000000006d85e000 	C:\Program Files\Java\jdk1.6.0_45\jre\bin\verify.dll
0x000000006d460000 - 0x000000006d487000 	C:\Program Files\Java\jdk1.6.0_45\jre\bin\java.dll
0x000000006d8a0000 - 0x000000006d8b2000 	C:\Program Files\Java\jdk1.6.0_45\jre\bin\zip.dll
0x000007fefb290000 - 0x000007fefb2a0000 	C:\Program Files (x86)\JetBrains\IntelliJ IDEA 2016.1.1\bin\breakgen64.dll
0x000000006d6c0000 - 0x000000006d6d7000 	C:\Program Files\Java\jdk1.6.0_45\jre\bin\net.dll
0x000007feff620000 - 0x000007feff66d000 	C:\Windows\system32\WS2_32.dll
0x000007feff920000 - 0x000007feff928000 	C:\Windows\system32\NSI.dll
0x000007fefd540000 - 0x000007fefd595000 	C:\Windows\system32\mswsock.dll
0x000007fefd530000 - 0x000007fefd537000 	C:\Windows\System32\wship6.dll
0x000007fefcf20000 - 0x000007fefcf27000 	C:\Windows\System32\wshtcpip.dll
0x000000006d6e0000 - 0x000000006d6ec000 	C:\Program Files\Java\jdk1.6.0_45\jre\bin\nio.dll
0x000000006d600000 - 0x000000006d60a000 	C:\Program Files\Java\jdk1.6.0_45\jre\bin\management.dll
0x000007fefb8e0000 - 0x000007fefb8f5000 	C:\Windows\system32\NLAapi.dll
0x000007feeaba0000 - 0x000007feeabb5000 	C:\Windows\system32\napinsp.dll
0x000007feeabc0000 - 0x000007feeabd9000 	C:\Windows\system32\pnrpnsp.dll
0x000007fefd3c0000 - 0x000007fefd41b000 	C:\Windows\system32\DNSAPI.dll
0x000007feeab90000 - 0x000007feeab9b000 	C:\Windows\System32\winrnr.dll
0x000007fefb630000 - 0x000007fefb657000 	C:\Windows\system32\IPHLPAPI.DLL
0x000007fefb620000 - 0x000007fefb62b000 	C:\Windows\system32\WINNSI.DLL
0x000007feee230000 - 0x000007feee238000 	C:\Windows\system32\rasadhlp.dll
0x000007fefb360000 - 0x000007fefb3b3000 	C:\Windows\System32\fwpuclnt.dll
0x000007fefd5a0000 - 0x000007fefd5b7000 	C:\Windows\system32\CRYPTSP.dll
0x000007fefd2a0000 - 0x000007fefd2e7000 	C:\Windows\system32\rsaenh.dll
0x000007fefd060000 - 0x000007fefd07e000 	C:\Windows\system32\USERENV.dll
0x000007fefdd10000 - 0x000007fefdd1f000 	C:\Windows\system32\profapi.dll
0x000007fefdc40000 - 0x000007fefdc4f000 	C:\Windows\system32\CRYPTBASE.dll
0x000000006d760000 - 0x000000006d766000 	C:\Program Files\Java\jdk1.6.0_45\jre\bin\rmi.dll
0x000000006d0a0000 - 0x000000006d264000 	C:\Program Files\Java\jdk1.6.0_45\jre\bin\awt.dll
0x000007fefa5f0000 - 0x000007fefa661000 	C:\Windows\system32\WINSPOOL.DRV
0x000007fefe4c0000 - 0x000007fefe6c3000 	C:\Windows\system32\ole32.dll
0x000007fefe6d0000 - 0x000007feff458000 	C:\Windows\system32\SHELL32.dll
0x000007fefe3a0000 - 0x000007fefe411000 	C:\Windows\system32\SHLWAPI.dll
0x000007fefc640000 - 0x000007fefc834000 	C:\Windows\WinSxS\amd64_microsoft.windows.common-controls_6595b64144ccf1df_6.0.7601.17514_none_fa396087175ac9ac\COMCTL32.dll
0x000007fefc070000 - 0x000007fefc088000 	C:\Windows\system32\DWMAPI.DLL
0x000007fefc450000 - 0x000007fefc4a6000 	C:\Windows\system32\uxtheme.dll
0x000000006d340000 - 0x000000006d3b5000 	C:\Program Files\Java\jdk1.6.0_45\jre\bin\fontmanager.dll
0x0000000077a80000 - 0x0000000077a87000 	C:\Windows\system32\PSAPI.DLL

VM Arguments:
jvm_args: -Dmaven.home=D:\apache-maven-3.2.5 -Dclassworlds.conf=D:\apache-maven-3.2.5\bin\m2.conf -Didea.launcher.port=7535 -Didea.launcher.bin.path=C:\Program Files (x86)\JetBrains\IntelliJ IDEA 2016.1.1\bin -Dfile.encoding=UTF-8 
java_command: com.intellij.rt.execution.application.AppMain org.codehaus.classworlds.Launcher -Didea.version=2016.1.1 -s D:\Git_maven_repository\settings.xml -Dmaven.repo.local=D:\Git_maven_repository tomcat:run
Launcher Type: SUN_STANDARD

Environment Variables:
JAVA_HOME=C:\Program Files\Java\jdk1.8.0_45
PATH=C:\Program Files (x86)\JetBrains\IntelliJ IDEA 2016.1.1\bin\;C:\Program Files\Java\jdk1.8.0_45\bin;C:\oracle\ora90\bin;C:\ProgramData\Oracle\Java\javapath;C:\Python27\;C:\Windows\system32;C:\Windows;C:\Windows\System32\Wbem;C:\Windows\System32\WindowsPowerShell\v1.0\;C:\Program Files\Java\jdk1.6.0_45\bin;C:\Program Files\Microsoft SQL Server\110\DTS\Binn\;C:\Program Files (x86)\Microsoft SQL Server\110\Tools\Binn\;C:\Program Files\Microsoft SQL Server\110\Tools\Binn\;C:\Program Files (x86)\Microsoft SQL Server\110\Tools\Binn\ManagementStudio\;C:\Program Files (x86)\Microsoft Visual Studio 10.0\Common7\IDE\PrivateAssemblies\;C:\Program Files (x86)\Microsoft SQL Server\110\DTS\Binn\;D:\apache-maven-3.2.5\bin;E:\opencv\build\x64\vc12\bin;C:\Program Files\nodejs\;D:\Android\sdk\tools;D:\Android\sdk\tools;D:\Android\sdk\platform-tools;C:\Program Files\Git\bin;C:\Users\Administrator\AppData\Roaming\npm;C:\Users\Administrator\AppData\Roaming\npm\node_modules\cordova\bin;D:\apache-ant-1.9.7\bin;C:\Windows\System32\WindowsPowerShell\v1.0\;F:\cmder;C:\Program Files (x86)\EditPlus 3;USERPROFILE\.dnx\bin;C:\Program Files\Microsoft DNX\Dnvm\;C:\Program Files\Microsoft SQL Server\120\Tools\Binn\;C:\Program Files\Microsoft SQL Server\130\Tools\Binn\;F:\php7;C:\ProgramData\ComposerSetup\bin;C:\Users\Administrator\AppData\Local\Programs\Python\Python35-32\Scripts\;C:\Users\Administrator\AppData\Local\Programs\Python\Python35-32\;C:\Users\Administrator\AppData\Roaming\Composer\vendor\bin
USERNAME=zhaoyipc
OS=Windows_NT
PROCESSOR_IDENTIFIER=Intel64 Family 6 Model 60 Stepping 3, GenuineIntel



---------------  S Y S T E M  ---------------

OS: Windows 7 , 64 bit Build 7601 Service Pack 1

CPU:total 8 (4 cores per cpu, 2 threads per core) family 6 model 60 stepping 3, cmov, cx8, fxsr, mmx, sse, sse2, sse3, ssse3, sse4.1, sse4.2, popcnt, ht

Memory: 4k page, physical 12524632k(3203948k free), swap 25047400k(12463368k free)

vm_info: Java HotSpot(TM) 64-Bit Server VM (20.45-b01) for windows-amd64 JRE (1.6.0_45-b06), built on Apr  1 2013 12:31:37 by "java_re" with MS VC++ 8.0 (VS2005)

time: Tue Mar 14 15:55:41 2017
elapsed time: 97 seconds

